------------------------------------------------
Total value: 1627938
Total cost: 1330938

67  7248 6248
68  8226 7226
69  4768 3768
70  3241 2241
71  7031 6031
72  6584 5584
73  8613 7613
74  2348 1348
75  2881 1881
76  8475 7475
77  6367 5367
78  6178 5178
79  9712 8712
80  2641 1641
82  7898 6898
83  9157 8157
84  9250 8250
85  5824 4824
86  4391 3391
87  9242 8242
88  7101 6101
89  4472 3472
90  4636 3636
91  10722 9722
92  2087 1087
93  1775 775
94  9652 8652
95  3371 2371
96  6867 5867
97  2337 1337
98  3054 2054
99  9885 8885
100  2509 1509
101  7204 6204
102  3989 2989
103  6594 5594
104  10129 9129
105  8226 7226
107  6226 5226
108  3513 2513
110  4201 3201
112  2227 1227
114  5082 4082
115  3959 2959
116  1296 296
117  1392 392
118  6802 5802
119  6709 5709
120  4537 3537
121  2940 1940
122  3943 2943
123  8943 7943
124  3997 2997
125  1079 79
126  8642 7642
127  1922 922
128  9205 8205
131  4947 3947
135  10937 9937
136  2250 1250
137  4754 3754
138  7586 6586
140  3631 2631
141  5636 4636
142  6752 5752
145  1390 390
146  2542 1542
147  10141 9141
148  10576 9576
149  7111 6111
150  7550 6550
151  1588 588
152  10504 9504
155  6155 5155
156  3020 2020
157  3723 2723
158  4179 3179
159  5723 4723
160  2770 1770
161  1667 667
162  3095 2095
163  5829 4829
164  2598 1598
166  7885 6885
167  2590 1590
168  5239 4239
169  9370 8370
170  7037 6037
171  2823 1823
174  2923 1923
175  2056 1056
176  6261 5261
177  5977 4977
178  1786 786
179  10681 9681
180  1046 46
181  7689 6689
184  3116 2116
185  9809 8809
186  7503 6503
188  4603 3603
189  6686 5686
191  7466 6466
192  3341 2341
194  4545 3545
195  1784 784
196  9052 8052
198  3810 2810
200  3260 2260
201  6541 5541
203  7061 6061
204  4213 3213
205  2416 1416
207  9062 8062
210  9203 8203
211  7152 6152
212  1269 269
215  1267 267
216  10747 9747
217  6249 5249
218  1174 174
220  2700 1700
222  1114 114
224  10412 9412
225  5519 4519
226  6905 5905
227  1056 56
228  10109 9109
230  2369 1369
231  6551 5551
233  2128 1128
234  4987 3987
236  3660 2660
237  2753 1753
238  9149 8149
240  4764 3764
241  3684 2684
242  10396 9396
244  5905 4905
245  9725 8725
248  1384 384
249  3115 2115
250  7981 6981
251  6038 5038
252  6483 5483
253  5445 4445
255  2619 1619
256  1570 570
258  7891 6891
260  6446 5446
263  6306 5306
264  7646 6646
268  4893 3893
269  6612 5612
272  2771 1771
276  7279 6279
278  3253 2253
283  10665 9665
285  6209 5209
286  9127 8127
291  7677 6677
294  1296 296
296  1172 172
298  1158 158
299  8295 7295
300  5241 4241
302  10301 9301
304  1958 958
306  1694 694
307  5981 4981
308  8594 7594
309  4797 3797
310  8145 7145
311  2507 1507
312  1819 819
313  2715 1715
314  6672 5672
315  2512 1512
316  1638 638
319  3076 2076
320  4915 3915
321  5022 4022
323  9643 8643
324  6014 5014
325  1866 866
326  1975 975
327  2074 1074
328  7185 6185
329  6508 5508
330  10466 9466
331  6243 5243
334  1767 767
335  1326 326
337  6694 5694
338  2496 1496
342  1829 829
345  2129 1129
346  2547 1547
349  10123 9123
350  10028 9028
351  9182 8182
352  1269 269
354  5113 4113
355  1421 421
359  7470 6470
360  9850 8850
363  1264 264
364  10552 9552
365  4624 3624
367  7961 6961
368  7045 6045
370  3042 2042
371  6254 5254
373  1880 880
375  9921 8921
377  7809 6809
378  5800 4800
379  6680 5680
380  1618 618
382  5129 4129
383  7062 6062
385  1573 573
386  2692 1692
388  2604 1604
391  10910 9910
392  10963 9963
393  9632 8632
395  6211 5211
397  2067 1067
399  10763 9763
400  6104 5104
401  1568 568
402  1208 208
403  10681 9681
404  1542 542
406  4248 3248
408  1237 237
411  5041 4041
414  2392 1392
416  10516 9516
417  8059 7059
419  10352 9352
424  2097 1097
425  6596 5596
428  10362 9362
430  4124 3124
431  10746 9746
432  8376 7376
435  3082 2082
436  4680 3680
437  8399 7399
438  7679 6679
441  8636 7636
444  2345 1345
445  8360 7360
446  7181 6181
447  9120 8120
450  5698 4698
454  2122 1122
455  3391 2391
456  7158 6158
457  9810 8810
458  3476 2476
459  9819 8819
461  2958 1958
462  2477 1477
464  6857 5857
465  4717 3717
467  8359 7359
471  3419 2419
472  9337 8337
475  1588 588
477  6719 5719
478  4219 3219
480  1151 151
481  3341 2341
482  6717 5717
484  2181 1181
485  10859 9859
486  5039 4039
487  6456 5456
489  5760 4760
490  9652 8652
491  8135 7135
492  9293 8293
493  1390 390
495  10780 9780
498  7516 6516
499  6001 5001
500  4156 3156
502  2011 1011
504  1526 526
506  1335 335
508  8074 7074
509  2142 1142
510  6968 5968
511  3876 2876

