------------------------------------------------
Total value: 3172533
Total cost: 2581533

158  4179 3179
159  5723 4723
160  2770 1770
161  1667 667
162  3095 2095
163  5829 4829
164  2598 1598
165  8487 7487
166  7885 6885
167  2590 1590
168  5239 4239
169  9370 8370
170  7037 6037
171  2823 1823
172  10898 9898
173  8173 7173
174  2923 1923
175  2056 1056
176  6261 5261
177  5977 4977
178  1786 786
179  10681 9681
180  1046 46
181  7689 6689
182  7438 6438
183  7933 6933
184  3116 2116
185  9809 8809
186  7503 6503
187  8587 7587
188  4603 3603
189  6686 5686
190  7194 6194
191  7466 6466
192  3341 2341
193  9356 8356
194  4545 3545
195  1784 784
196  9052 8052
197  8862 7862
198  3810 2810
199  7223 6223
200  3260 2260
201  6541 5541
202  6197 5197
203  7061 6061
204  4213 3213
205  2416 1416
206  10462 9462
207  9062 8062
208  8062 7062
209  7205 6205
210  9203 8203
211  7152 6152
212  1269 269
213  7913 6913
214  9160 8160
215  1267 267
216  10747 9747
217  6249 5249
218  1174 174
219  9187 8187
220  2700 1700
221  7174 6174
222  1114 114
223  5939 4939
224  10412 9412
225  5519 4519
226  6905 5905
227  1056 56
228  10109 9109
229  6381 5381
230  2369 1369
231  6551 5551
232  6525 5525
233  2128 1128
234  4987 3987
235  7812 6812
236  3660 2660
237  2753 1753
238  9149 8149
239  9544 8544
240  4764 3764
241  3684 2684
242  10396 9396
243  7830 6830
244  5905 4905
245  9725 8725
246  8030 7030
247  6330 5330
248  1384 384
249  3115 2115
250  7981 6981
251  6038 5038
252  6483 5483
253  5445 4445
254  5176 4176
255  2619 1619
256  1570 570
258  7891 6891
259  4896 3896
260  6446 5446
262  5567 4567
263  6306 5306
264  7646 6646
265  10806 9806
267  7800 6800
268  4893 3893
269  6612 5612
270  5723 4723
272  2771 1771
274  8329 7329
276  7279 6279
277  9751 8751
278  3253 2253
279  5126 4126
280  4262 3262
281  4603 3603
282  5802 4802
285  6209 5209
286  9127 8127
287  10308 9308
289  8308 7308
291  7677 6677
292  6290 5290
293  3863 2863
294  1296 296
295  5292 4292
296  1172 172
297  3444 2444
298  1158 158
300  5241 4241
303  10072 9072
304  1958 958
306  1694 694
308  8594 7594
309  4797 3797
311  2507 1507
312  1819 819
313  2715 1715
314  6672 5672
315  2512 1512
316  1638 638
319  3076 2076
320  4915 3915
321  5022 4022
324  6014 5014
325  1866 866
326  1975 975
327  2074 1074
328  7185 6185
329  6508 5508
332  3511 2511
333  7776 6776
334  1767 767
335  1326 326
336  5579 4579
337  6694 5694
338  2496 1496
339  2662 1662
341  4017 3017
342  1829 829
345  2129 1129
346  2547 1547
348  5801 4801
349  10123 9123
350  10028 9028
351  9182 8182
352  1269 269
354  5113 4113
355  1421 421
356  4293 3293
360  9850 8850
361  5077 4077
362  10237 9237
363  1264 264
364  10552 9552
365  4624 3624
368  7045 6045
370  3042 2042
371  6254 5254
372  3722 2722
373  1880 880
374  10710 9710
376  9110 8110
380  1618 618
382  5129 4129
384  9887 8887
385  1573 573
386  2692 1692
387  4568 3568
388  2604 1604
391  10910 9910
393  9632 8632
394  6108 5108
396  5411 4411
397  2067 1067
400  6104 5104
401  1568 568
402  1208 208
404  1542 542
405  7814 6814
406  4248 3248
407  3514 2514
408  1237 237
410  9922 8922
412  4678 3678
414  2392 1392
416  10516 9516
418  8422 7422
421  4678 3678
422  3327 2327
423  9885 8885
424  2097 1097
426  5378 4378
429  4411 3411
430  4124 3124
431  10746 9746
432  8376 7376
433  3535 2535
434  4167 3167
435  3082 2082
436  4680 3680
441  8636 7636
443  7983 6983
444  2345 1345
445  8360 7360
446  7181 6181
447  9120 8120
448  9576 8576
451  2808 1808
452  8312 7312
454  2122 1122
455  3391 2391
458  3476 2476
459  9819 8819
461  2958 1958
462  2477 1477
463  7209 6209
464  6857 5857
467  8359 7359
471  3419 2419
472  9337 8337
473  3504 2504
475  1588 588
476  9198 8198
477  6719 5719
480  1151 151
481  3341 2341
482  6717 5717
483  8965 7965
484  2181 1181
488  7191 6191
489  5760 4760
492  9293 8293
493  1390 390
496  2319 1319
497  2496 1496
498  7516 6516
499  6001 5001
500  4156 3156
502  2011 1011
504  1526 526
505  5437 4437
506  1335 335
507  10164 9164
509  2142 1142
510  6968 5968
512  4701 3701
513  3265 2265
514  4409 3409
517  4319 3319
520  3833 2833
523  3033 2033
524  8977 7977
525  2720 1720
526  1782 782
527  4887 3887
528  2974 1974
529  8907 7907
531  1551 551
532  9334 8334
533  3732 2732
536  9909 8909
537  8679 7679
541  10168 9168
542  1222 222
545  7048 6048
546  9100 8100
548  8611 7611
549  2260 1260
550  9851 8851
552  6766 5766
553  1450 450
556  8386 7386
557  1240 240
558  4791 3791
559  9375 8375
560  3850 2850
561  9875 8875
563  3299 2299
564  7317 6317
567  9215 8215
570  7791 6791
572  7093 6093
573  6515 5515
574  2185 1185
575  4351 3351
577  6582 5582
582  9992 8992
583  4902 3902
584  6188 5188
585  6494 5494
586  5962 4962
588  5620 4620
589  8602 7602
590  2927 1927
591  3494 2494
594  10711 9711
595  2418 1418
596  4271 3271
597  1628 628
598  2037 1037
599  10219 9219
600  3497 2497
602  6892 5892
603  2340 1340
606  3063 2063
607  8315 7315
609  8109 7109
610  1781 781
613  7616 6616
614  1985 985
615  4532 3532
616  7509 6509
618  2608 1608
620  1274 274
621  1514 514
623  1986 986
626  7932 6932
628  1446 446
629  3323 2323
631  7176 6176
633  5919 4919
635  3067 2067
636  1978 978
637  2503 1503
640  3260 2260
642  9155 8155
645  7471 6471
646  5080 4080
648  6479 5479
651  6153 5153
652  6088 5088
653  6140 5140
654  2182 1182
657  3692 2692
658  7764 6764
659  10319 9319
662  2421 1421
664  7141 6141
666  7184 6184
667  2258 1258
668  3698 2698
670  8879 7879
671  6639 5639
672  4009 3009
673  9372 8372
675  4132 3132
676  1992 992
679  10453 9453
682  2089 1089
685  6819 5819
686  5934 4934
687  5126 4126
688  6333 5333
689  6430 5430
690  1877 877
691  6598 5598
692  5532 4532
693  1696 696
694  8434 7434
695  4597 3597
697  7697 6697
698  8637 7637
699  7052 6052
700  2649 1649
702  10290 9290
703  4625 3625
704  5045 4045
706  7638 6638
710  4324 3324
711  9313 8313
712  2146 1146
715  6283 5283
716  4367 3367
718  7501 6501
720  8950 7950
723  5511 4511
724  6963 5963
725  7168 6168
726  5144 4144
727  9758 8758
728  2121 1121
730  2584 1584
731  1646 646
734  10879 9879
737  9989 8989
738  3906 2906
739  4228 3228
741  4131 3131
745  5386 4386
747  2229 1229
749  7621 6621
750  1752 752
753  9574 8574
755  1495 495
758  2475 1475
760  10662 9662
761  1352 352
763  2588 1588
764  3858 2858
765  2176 1176
766  1929 929
767  10935 9935
770  1025 25
771  1167 167
773  9550 8550
775  3457 2457
777  1478 478
779  7892 6892
780  2776 1776
781  1942 942
783  7991 6991
785  1988 988
787  1866 866
791  2086 1086
793  1070 70
797  10314 9314
798  3446 2446
799  6163 5163
800  2828 1828
801  4119 3119
802  1063 63
803  6774 5774
804  4246 3246
805  6074 5074
806  9383 8383
807  9661 8661
808  7115 6115
809  1386 386
810  2163 1163
811  1741 741
812  7853 6853
813  4541 3541
814  1458 458
815  7152 6152
816  2160 1160
821  8047 7047
822  4918 3918
825  10229 9229
827  5275 4275
828  7366 6366
830  9176 8176
831  2661 1661
833  7320 6320
834  1462 462
835  2815 1815
836  1562 562
839  1709 709
840  3017 2017
841  2458 1458
843  10323 9323
844  7155 6155
845  2286 1286
847  9721 8721
850  1185 185
851  8743 7743
853  5185 4185
855  5843 4843
856  9898 8898
857  1794 794
860  4433 3433
861  5233 4233
862  4916 3916
863  5841 4841
864  1888 888
865  1491 491
867  8427 7427
868  2410 1410
870  3482 2482
871  9396 8396
876  7917 6917
878  1130 130
879  1590 590
880  9904 8904
881  2090 1090
883  2506 1506
884  9763 8763
885  6615 5615
887  9065 8065
888  9399 8399
889  4920 3920
890  7185 6185
891  10968 9968
892  6659 5659
893  2839 1839
894  4877 3877
896  1834 834
897  1052 52
899  2145 1145
900  2201 1201
901  10491 9491
902  5416 4416
903  4263 3263
905  3723 2723
907  1993 993
910  5228 4228
911  10859 9859
912  1987 987
915  5535 4535
918  6228 5228
919  7364 6364
922  3935 2935
924  5472 4472
925  7080 6080
927  1017 17
929  6984 5984
930  7914 6914
931  7427 6427
934  9240 8240
935  1336 336
936  8106 7106
937  10244 9244
938  2530 1530
939  8672 7672
943  7052 6052
947  5355 4355
948  8738 7738
950  5783 4783
952  2572 1572
953  2256 1256
954  6087 5087
955  1108 108
956  8251 7251
957  2153 1153
958  1962 962
960  8836 7836
961  3786 2786
962  2555 1555
963  1654 654
965  10975 9975
967  2972 1972
969  2585 1585
970  2424 1424
971  4229 3229
972  5871 4871
974  7536 6536
975  1469 469
976  3749 2749
977  7020 6020
981  2162 1162
982  7731 6731
985  7754 6754
988  4329 3329
989  10223 9223
990  2389 1389
991  1928 928
992  1547 547
994  5546 4546
995  8637 7637
996  4924 3924
998  10130 9130
999  1208 208
1000  10866 9866
1001  2078 1078
1002  1357 357
1003  9292 8292
1004  10196 9196
1005  1349 349
1006  4729 3729
1007  5219 4219
1008  4588 3588
1010  1556 556
1011  7591 6591
1012  4807 3807
1013  10763 9763
1014  6316 5316
1015  5245 4245
1019  1534 534
1020  4573 3573

