------------------------------------------------
Total value: 77301
Total cost: 62401

32  461 361
33  405 305
34  898 798
35  147 47
36  527 427
37  745 645
38  539 439
39  239 139
40  191 91
41  347 247
42  750 650
43  311 211
44  110 10
45  200 100
46  938 838
47  727 627
48  825 725
49  860 760
50  943 843
51  876 776
52  237 137
53  575 475
54  1077 977
55  1037 937
56  818 718
57  201 101
58  199 99
59  381 281
60  709 609
61  851 751
62  919 819
63  630 530
64  197 97
65  340 240
67  348 248
68  326 226
70  341 241
71  131 31
72  684 584
73  713 613
74  448 348
75  981 881
76  575 475
77  467 367
78  278 178
80  741 641
81  510 410
83  257 157
84  350 250
86  491 391
87  342 242
88  201 101
90  736 636
92  187 87
93  875 775
94  752 652
95  471 371
97  437 337
98  154 54
99  985 885
100  609 509
101  304 204
104  229 129
105  326 226
107  326 226
109  1021 921
110  301 201
112  327 227
113  212 112
114  182 82
115  1059 959
116  396 296
117  492 392
119  809 709
122  1043 943
124  1097 997
125  179 79
128  305 205
129  461 361
130  651 551
131  1047 947
132  1004 904
135  1037 937
136  350 250
141  736 636
142  852 752
143  559 459
145  490 390
146  642 542
147  241 141
148  676 576
149  211 111
150  650 550
152  604 504
153  106 6
155  255 155
156  120 20
157  823 723
158  279 179
162  195 95
163  929 829
168  339 239
169  470 370
170  137 37
171  923 823
173  273 173
175  156 56
177  1077 977
178  886 786
180  146 46
181  789 689
183  1033 933
184  216 116
186  603 503
188  703 603
189  786 686
192  441 341
193  456 356
194  645 545
195  884 784
196  152 52
198  910 810
199  323 223
201  641 541
203  161 61
207  162 62
208  162 62
211  252 152
213  1013 913
214  260 160
217  349 249
219  287 187
222  214 114
225  619 519
227  156 56
228  209 109
229  481 381
232  625 525
233  228 128
236  760 660
241  784 684
242  496 396
246  130 30
249  215 115
250  1081 981
251  138 38
252  583 483
253  545 445
254  276 176

