------------------------------------------------
Total value: 19247
Total cost: 15547

17  923 823
18  332 232
19  563 463
20  654 554
21  689 589
22  775 675
23  425 325
24  1070 970
26  507 407
27  876 776
28  376 276
29  223 123
30  431 331
31  456 356
32  461 361
33  405 305
34  898 798
35  147 47
36  527 427
37  745 645
38  539 439
39  239 139
40  191 91
41  347 247
42  750 650
43  311 211
44  110 10
45  200 100
46  938 838
47  727 627
50  943 843
51  876 776
52  237 137
53  575 475
57  201 101
58  199 99
59  381 281

