------------------------------------------------
Total value: 39420
Total cost: 31620

23  425 325
26  507 407
27  876 776
28  376 276
29  223 123
30  431 331
31  456 356
32  461 361
33  405 305
34  898 798
35  147 47
36  527 427
37  745 645
38  539 439
39  239 139
40  191 91
41  347 247
42  750 650
43  311 211
44  110 10
45  200 100
46  938 838
47  727 627
48  825 725
50  943 843
51  876 776
52  237 137
53  575 475
54  1077 977
56  818 718
57  201 101
58  199 99
59  381 281
62  919 819
63  630 530
64  197 97
65  340 240
67  348 248
68  326 226
69  868 768
70  341 241
71  131 31
72  684 584
74  448 348
75  981 881
76  575 475
78  278 178
79  812 712
83  257 157
84  350 250
85  924 824
87  342 242
88  201 101
91  822 722
92  187 87
94  752 652
95  471 371
97  437 337
98  154 54
100  609 509
101  304 204
103  694 594
104  229 129
105  326 226
106  697 597
107  326 226
110  301 201
112  327 227
113  212 112
114  182 82
116  396 296
117  492 392
118  902 802
119  809 709
120  637 537
121  1040 940
125  179 79
127  1022 922

